-------------------- Log Start | Wed Jul 24 06:05:05 2024 --------------------
platform: Linux-6.6.31+rpt-rpi-2712-aarch64-with-glibc2.36
data_path: /home/pi/printer_data
is_default_data_path: False
config_file: /home/pi/printer_data/config/moonraker.conf
startup_warnings: []
verbose: False
debug: False
asyncio_debug: False
is_backup_config: False
is_python_package: False
instance_uuid: 7b7fac2e71a14ef8895f923cfb77fbf2
unix_socket_path: /home/pi/printer_data/comms/moonraker.sock
software_version: v0.8.0-384-g8f3b30a
git_branch: master
git_remote: origin
git_repo_url: https://github.com/Arksine/moonraker.git
modified_files: []
unofficial_components: []
log_file: /home/pi/printer_data/logs/moonraker.log
python_version: 3.11.2 (main, May  2 2024, 11:59:08) [GCC 12.2.0]
launch_args: /home/pi/moonraker-env/bin/python /home/pi/moonraker/moonraker/moonraker.py -d /home/pi/printer_data
msgspec_enabled: False
uvloop_enabled: False

#################### Moonraker Configuration ####################

[server]
host = 0.0.0.0
port = 7125
max_upload_size = 1024
klippy_uds_address = ~/printer_data/comms/klippy.sock

[file_manager]
enable_object_processing = True

[authorization]
cors_domains = 
	https://my.mainsail.xyz
	http://my.mainsail.xyz
	http://*.local
	http://*.lan
trusted_clients = 
	10.0.0.0/8
	127.0.0.0/8
	169.254.0.0/16
	172.16.0.0/12
	192.168.0.0/16
	FE80::/10
	::1/128

[octoprint_compat]

[history]

[announcements]
subscriptions = 
	mainsail

[update_manager]
refresh_interval = 168
enable_auto_refresh = True

[update_manager mainsail]
type = web
channel = stable
repo = mainsail-crew/mainsail
path = ~/mainsail

[update_manager mainsail-config]
type = git_repo
primary_branch = master
path = ~/mainsail-config
origin = https://github.com/mainsail-crew/mainsail-config.git
managed_services = klipper

[update_manager crowsnest]
type = git_repo
path = ~/crowsnest
origin = https://github.com/mainsail-crew/crowsnest.git
managed_services = crowsnest
install_script = tools/pkglist.sh

[update_manager sonar]
type = git_repo
path = ~/sonar
origin = https://github.com/mainsail-crew/sonar.git
primary_branch = main
managed_services = sonar
install_script = tools/install.sh

[update_manager led_effect]
type = git_repo
path = ~/klipper-led_effect
origin = https://github.com/julianschill/klipper-led_effect.git
is_system_service = False

[update_manager mobileraker]
type = git_repo
path = /home/pi/mobileraker_companion
origin = https://github.com/Clon1998/mobileraker_companion.git
primary_branch = main
managed_services = mobileraker
env = /home/pi/mobileraker-env/bin/python
requirements = scripts/mobileraker-requirements.txt
install_script = scripts/install.sh

#################################################################
All Configuration Files:
/home/pi/printer_data/config/moonraker.conf
#################################################################
Loading Sqlite database provider. Sqlite Version: 3.40.1
Unsafe Shutdown Count: 1

System Info:

***python***
  version: (3, 11, 2, 'final', 0)
  version_string: 3.11.2 (main, May  2 2024, 11:59:08) [GCC 12.2.0]

***cpu_info***
  cpu_count: 4
  bits: 64bit
  processor: aarch64
  cpu_desc: 
  serial_number: bdcea7d8e3c6b947
  hardware_desc: 
  model: Raspberry Pi 5 Model B Rev 1.0
  total_memory: 4142224
  memory_units: kB

***sd_info***

***distribution***
  name: Debian GNU/Linux 12 (bookworm)
  id: debian
  version: 12
  version_parts: {'major': '12', 'minor': '', 'build_number': ''}
  like: 
  codename: bookworm
  release_info: {}
  kernel_version: 6.6.31+rpt-rpi-2712

***virtualization***
  virt_type: none
  virt_identifier: none

***network***

***canbus***

***Allowed Services***
  klipper_mcu
  webcamd
  MoonCord
  KlipperScreen
  moonraker-telegram-bot
  moonraker-obico
  sonar
  crowsnest
  octoeverywhere
  ratos-configurator
  mobileraker
Module libcamera unavailble, import failed

Systemd unit moonraker.service:
unit_name: moonraker.service
is_default: True
manager: systemd
Properties:
**Requires=['sysinit.target', 'network-online.target', 'system.slice', '-.mount']
**After=['-.mount', 'network-online.target', 'basic.target', 'system.slice', 'sysinit.target', 'systemd-journald.socket']
**SupplementaryGroups=['moonraker-admin']
**EnvironmentFiles=/home/pi/printer_data/systemd/moonraker.env
**ExecStart=/home/pi/moonraker-env/bin/python $MOONRAKER_ARGS
**WorkingDirectory=/home/pi/moonraker
**FragmentPath=/etc/systemd/system/moonraker.service
**Description=API Server for Klipper SV1
**User=pi

Systemd unit klipper.service:
unit_name: klipper.service
is_default: True
manager: systemd
Properties:
**Requires=['-.mount', 'sysinit.target', 'system.slice']
**After=['basic.target', 'network-online.target', 'system.slice', 'systemd-journald.socket', '-.mount', 'sysinit.target']
**SupplementaryGroups=[]
**EnvironmentFiles=/home/pi/printer_data/systemd/klipper.env
**ExecStart=/home/pi/klippy-env/bin/python $KLIPPER_ARGS
**WorkingDirectory=/home/pi/klipper
**FragmentPath=/etc/systemd/system/klipper.service
**Description=Klipper 3D Printer Firmware SV1
**User=pi
Git Repo moonraker: No warnings detected
Git Repo klipper: Warnings detected:
  Repo has untracked source files: ['klippy/extras/led_effect.py']
Git Repo mainsail-config: No warnings detected
Git Repo crowsnest: No warnings detected
Git Repo sonar: No warnings detected
Git Repo led_effect: No warnings detected
Git Repo mobileraker: No warnings detected
Klipper Version: v0.12.0-261-g248d3dbf-dirty
2024-07-24 07:05:05,996 [authorization.py:_check_trusted_connection()] - Trusted Connection Detected, IP: 192.168.1.10
2024-07-24 07:05:05,996 [application.py:log_request()] - 101 GET /websocket (192.168.1.10) [_TRUSTED_USER_] 0.77ms
2024-07-24 07:05:05,996 [websockets.py:open()] - Websocket Opened: ID: 140735205939280, Proxied: True, User Agent: BBL-Slicer/v01.09.01.66 (dark) Mozilla/5.0 (Windows NT 10.0; Win64; x64) AppleWebKit/537.36 (KHTML, like Gecko) Chrome/107.0.0.0 Safari/537.36 Edg/107.0.1418.52, Host Name: voron.local
2024-07-24 07:05:06,035 [websockets.py:_handle_identify()] - Websocket 140735205939280 Client Identified - Name: mainsail, Version: 2.11.2, Type: web
2024-07-24 07:05:06,039 [websockets.py:on_close()] - Websocket Closed: ID: 140735205939280 Close Code: 1001, Close Reason: None, Pong Time Elapsed: 0.04
2024-07-24 07:05:06,148 [application.py:log_request()] - 101 GET /websocket (192.168.1.10) [_TRUSTED_USER_] 0.62ms
2024-07-24 07:05:06,148 [websockets.py:open()] - Websocket Opened: ID: 140735568096592, Proxied: True, User Agent: BBL-Slicer/v01.09.01.66 (dark) Mozilla/5.0 (Windows NT 10.0; Win64; x64) AppleWebKit/537.36 (KHTML, like Gecko) Chrome/107.0.0.0 Safari/537.36 Edg/107.0.1418.52, Host Name: voron.local
2024-07-24 07:05:06,166 [websockets.py:_handle_identify()] - Websocket 140735568096592 Client Identified - Name: mainsail, Version: 2.11.2, Type: web
2024-07-24 07:05:06,276 [application.py:log_request()] - 404 GET /server/files/config/.theme/maintenance.json?time=1721801106950 (192.168.1.10) [_TRUSTED_USER_] 1.42ms
2024-07-24 07:08:18,465 [application.py:prepare()] - Upload Request Received from 192.168.1.10
Content-Type: multipart/form-data; boundary=------------------------ba611dc0a96a4486
2024-07-24 07:08:18,579 [application.py:post()] - Processing Uploaded File: Disc_PC_20m33s.gcode
2024-07-24 07:08:18,646 [shell_command.py:pipe_data_received()] - INFO:metadata:Object Processing is enabled

2024-07-24 07:08:18,651 [shell_command.py:pipe_data_received()] - INFO:metadata:File 'Disc_PC_20m33s.gcode' currently supports cancellation, processing aborted

2024-07-24 07:08:18,701 [shell_command.py:_check_proc_success()] - Command (/home/pi/moonraker-env/bin/python /home/pi/moonraker/moonraker/components/file_manager/metadata.py -p /home/pi/printer_data/gcodes -f "Disc_PC_20m33s.gcode" --check-objects) successfully finished
2024-07-24 07:08:18,702 [klippy_apis.py:start_print()] - Requesting Job Start, filename = Disc_PC_20m33s.gcode
2024-07-24 07:08:18,705 [application.py:log_request()] - 201 POST /api/files/local (192.168.1.10) [_TRUSTED_USER_] 240.85ms
2024-07-24 07:08:18,890 [job_state.py:_status_update()] - Job Started: Disc_PC_20m33s.gcode
2024-07-24 07:48:27,828 [application.py:prepare()] - Upload Request Received from 192.168.1.10
Content-Type: multipart/form-data; boundary=------------------------e50a08eccd2b7848
2024-07-24 07:48:27,945 [application.py:post()] - Processing Uploaded File: Disc_PC_20m44s.gcode
2024-07-24 07:48:28,018 [shell_command.py:pipe_data_received()] - INFO:metadata:Object Processing is enabled

2024-07-24 07:48:28,024 [shell_command.py:pipe_data_received()] - INFO:metadata:File 'Disc_PC_20m44s.gcode' currently supports cancellation, processing aborted

2024-07-24 07:48:28,079 [shell_command.py:_check_proc_success()] - Command (/home/pi/moonraker-env/bin/python /home/pi/moonraker/moonraker/components/file_manager/metadata.py -p /home/pi/printer_data/gcodes -f "Disc_PC_20m44s.gcode" --check-objects) successfully finished
2024-07-24 07:48:28,079 [klippy_apis.py:start_print()] - Requesting Job Start, filename = Disc_PC_20m44s.gcode
2024-07-24 07:48:28,083 [application.py:log_request()] - 201 POST /api/files/local (192.168.1.10) [_TRUSTED_USER_] 254.99ms
2024-07-24 07:48:28,305 [job_state.py:_status_update()] - Job Started: Disc_PC_20m44s.gcode
